{"/Users/yeison/Documents/Yeison/Project/Pruebas/emi/src/components/task/TaskFormComponent.tsx": {"path":"/Users/yeison/Documents/Yeison/Project/Pruebas/emi/src/components/task/TaskFormComponent.tsx","statementMap":{"0":{"start":{"line":5,"column":26},"end":{"line":102,"column":1}},"1":{"start":{"line":6,"column":22},"end":{"line":6,"column":32}},"2":{"start":{"line":7,"column":28},"end":{"line":7,"column":40}},"3":{"start":{"line":8,"column":40},"end":{"line":8,"column":52}},"4":{"start":{"line":9,"column":32},"end":{"line":9,"column":44}},"5":{"start":{"line":10,"column":42},"end":{"line":10,"column":54}},"6":{"start":{"line":11,"column":28},"end":{"line":11,"column":40}},"7":{"start":{"line":13,"column":23},"end":{"line":36,"column":3}},"8":{"start":{"line":14,"column":4},"end":{"line":14,"column":27}},"9":{"start":{"line":16,"column":4},"end":{"line":19,"column":5}},"10":{"start":{"line":17,"column":6},"end":{"line":17,"column":41}},"11":{"start":{"line":18,"column":6},"end":{"line":18,"column":13}},"12":{"start":{"line":21,"column":20},"end":{"line":27,"column":5}},"13":{"start":{"line":29,"column":4},"end":{"line":29,"column":21}},"14":{"start":{"line":31,"column":4},"end":{"line":31,"column":17}},"15":{"start":{"line":32,"column":4},"end":{"line":32,"column":23}},"16":{"start":{"line":33,"column":4},"end":{"line":33,"column":19}},"17":{"start":{"line":34,"column":4},"end":{"line":34,"column":24}},"18":{"start":{"line":35,"column":4},"end":{"line":35,"column":17}},"19":{"start":{"line":38,"column":2},"end":{"line":101,"column":4}},"20":{"start":{"line":47,"column":29},"end":{"line":47,"column":53}},"21":{"start":{"line":58,"column":29},"end":{"line":58,"column":59}},"22":{"start":{"line":68,"column":29},"end":{"line":68,"column":55}},"23":{"start":{"line":80,"column":29},"end":{"line":80,"column":60}},"24":{"start":{"line":91,"column":29},"end":{"line":91,"column":53}}},"fnMap":{"0":{"name":"(anonymous_0)","decl":{"start":{"line":5,"column":26},"end":{"line":5,"column":27}},"loc":{"start":{"line":5,"column":32},"end":{"line":102,"column":1}},"line":5},"1":{"name":"(anonymous_1)","decl":{"start":{"line":13,"column":23},"end":{"line":13,"column":24}},"loc":{"start":{"line":13,"column":34},"end":{"line":36,"column":3}},"line":13},"2":{"name":"(anonymous_2)","decl":{"start":{"line":47,"column":22},"end":{"line":47,"column":23}},"loc":{"start":{"line":47,"column":29},"end":{"line":47,"column":53}},"line":47},"3":{"name":"(anonymous_3)","decl":{"start":{"line":58,"column":22},"end":{"line":58,"column":23}},"loc":{"start":{"line":58,"column":29},"end":{"line":58,"column":59}},"line":58},"4":{"name":"(anonymous_4)","decl":{"start":{"line":68,"column":22},"end":{"line":68,"column":23}},"loc":{"start":{"line":68,"column":29},"end":{"line":68,"column":55}},"line":68},"5":{"name":"(anonymous_5)","decl":{"start":{"line":80,"column":22},"end":{"line":80,"column":23}},"loc":{"start":{"line":80,"column":29},"end":{"line":80,"column":60}},"line":80},"6":{"name":"(anonymous_6)","decl":{"start":{"line":91,"column":22},"end":{"line":91,"column":23}},"loc":{"start":{"line":91,"column":29},"end":{"line":91,"column":53}},"line":91}},"branchMap":{"0":{"loc":{"start":{"line":16,"column":4},"end":{"line":19,"column":5}},"type":"if","locations":[{"start":{"line":16,"column":4},"end":{"line":19,"column":5}},{"start":{},"end":{}}],"line":16},"1":{"loc":{"start":{"line":16,"column":8},"end":{"line":16,"column":69}},"type":"binary-expr","locations":[{"start":{"line":16,"column":8},"end":{"line":16,"column":14}},{"start":{"line":16,"column":18},"end":{"line":16,"column":30}},{"start":{"line":16,"column":34},"end":{"line":16,"column":42}},{"start":{"line":16,"column":46},"end":{"line":16,"column":59}},{"start":{"line":16,"column":63},"end":{"line":16,"column":69}}],"line":16}},"s":{"0":1,"1":5,"2":0,"3":0,"4":0,"5":0,"6":0,"7":0,"8":0,"9":0,"10":0,"11":0,"12":0,"13":0,"14":0,"15":0,"16":0,"17":0,"18":0,"19":0,"20":0,"21":0,"22":0,"23":0,"24":0},"f":{"0":5,"1":0,"2":0,"3":0,"4":0,"5":0,"6":0},"b":{"0":[0,0],"1":[0,0,0,0,0]},"_coverageSchema":"1a1c01bbd47fc00a2c39e90264f33305004495a9","hash":"81f6684d2efd4fdddb7e94365eb1c922d7895b7d"}
,"/Users/yeison/Documents/Yeison/Project/Pruebas/emi/src/context/TaskContext.tsx": {"path":"/Users/yeison/Documents/Yeison/Project/Pruebas/emi/src/context/TaskContext.tsx","statementMap":{"0":{"start":{"line":4,"column":27},"end":{"line":4,"column":42}},"1":{"start":{"line":7,"column":21},"end":{"line":93,"column":1}},"2":{"start":{"line":8,"column":26},"end":{"line":8,"column":38}},"3":{"start":{"line":9,"column":28},"end":{"line":9,"column":42}},"4":{"start":{"line":11,"column":22},"end":{"line":24,"column":3}},"5":{"start":{"line":12,"column":4},"end":{"line":23,"column":5}},"6":{"start":{"line":13,"column":23},"end":{"line":13,"column":65}},"7":{"start":{"line":14,"column":6},"end":{"line":16,"column":7}},"8":{"start":{"line":15,"column":8},"end":{"line":15,"column":79}},"9":{"start":{"line":17,"column":19},"end":{"line":17,"column":40}},"10":{"start":{"line":18,"column":6},"end":{"line":18,"column":20}},"11":{"start":{"line":19,"column":6},"end":{"line":19,"column":21}},"12":{"start":{"line":21,"column":6},"end":{"line":21,"column":77}},"13":{"start":{"line":22,"column":6},"end":{"line":22,"column":98}},"14":{"start":{"line":26,"column":18},"end":{"line":45,"column":3}},"15":{"start":{"line":27,"column":4},"end":{"line":44,"column":5}},"16":{"start":{"line":28,"column":23},"end":{"line":34,"column":8}},"17":{"start":{"line":35,"column":6},"end":{"line":37,"column":7}},"18":{"start":{"line":36,"column":8},"end":{"line":36,"column":83}},"19":{"start":{"line":38,"column":19},"end":{"line":38,"column":40}},"20":{"start":{"line":39,"column":26},"end":{"line":39,"column":105}},"21":{"start":{"line":40,"column":6},"end":{"line":40,"column":20}},"22":{"start":{"line":42,"column":6},"end":{"line":42,"column":63}},"23":{"start":{"line":43,"column":6},"end":{"line":43,"column":103}},"24":{"start":{"line":47,"column":21},"end":{"line":66,"column":3}},"25":{"start":{"line":48,"column":4},"end":{"line":65,"column":5}},"26":{"start":{"line":49,"column":23},"end":{"line":55,"column":8}},"27":{"start":{"line":56,"column":6},"end":{"line":58,"column":7}},"28":{"start":{"line":57,"column":8},"end":{"line":57,"column":80}},"29":{"start":{"line":59,"column":19},"end":{"line":59,"column":40}},"30":{"start":{"line":60,"column":26},"end":{"line":60,"column":102}},"31":{"start":{"line":61,"column":6},"end":{"line":61,"column":20}},"32":{"start":{"line":63,"column":6},"end":{"line":63,"column":60}},"33":{"start":{"line":64,"column":6},"end":{"line":64,"column":100}},"34":{"start":{"line":68,"column":21},"end":{"line":82,"column":3}},"35":{"start":{"line":69,"column":4},"end":{"line":81,"column":5}},"36":{"start":{"line":70,"column":23},"end":{"line":72,"column":8}},"37":{"start":{"line":73,"column":6},"end":{"line":75,"column":7}},"38":{"start":{"line":74,"column":8},"end":{"line":74,"column":78}},"39":{"start":{"line":76,"column":26},"end":{"line":76,"column":106}},"40":{"start":{"line":77,"column":6},"end":{"line":77,"column":20}},"41":{"start":{"line":79,"column":6},"end":{"line":79,"column":58}},"42":{"start":{"line":80,"column":6},"end":{"line":80,"column":98}},"43":{"start":{"line":84,"column":2},"end":{"line":86,"column":9}},"44":{"start":{"line":85,"column":4},"end":{"line":85,"column":18}},"45":{"start":{"line":88,"column":2},"end":{"line":92,"column":4}},"46":{"start":{"line":97,"column":24},"end":{"line":97,"column":53}},"47":{"start":{"line":97,"column":30},"end":{"line":97,"column":53}},"48":{"start":{"line":104,"column":85},"end":{"line":104,"column":37420}},"49":{"start":{"line":104,"column":89},"end":{"line":104,"column":37409}},"50":{"start":{"line":104,"column":37535},"end":{"line":104,"column":37541}},"51":{"start":{"line":104,"column":37656},"end":{"line":104,"column":37662}},"52":{"start":{"line":104,"column":37744},"end":{"line":104,"column":37750}},"53":{"start":{"line":104,"column":37835},"end":{"line":104,"column":37841}}},"fnMap":{"0":{"name":"(anonymous_0)","decl":{"start":{"line":7,"column":21},"end":{"line":7,"column":22}},"loc":{"start":{"line":7,"column":39},"end":{"line":93,"column":1}},"line":7},"1":{"name":"(anonymous_1)","decl":{"start":{"line":11,"column":22},"end":{"line":11,"column":23}},"loc":{"start":{"line":11,"column":34},"end":{"line":24,"column":3}},"line":11},"2":{"name":"(anonymous_2)","decl":{"start":{"line":26,"column":18},"end":{"line":26,"column":19}},"loc":{"start":{"line":26,"column":37},"end":{"line":45,"column":3}},"line":26},"3":{"name":"(anonymous_3)","decl":{"start":{"line":47,"column":21},"end":{"line":47,"column":22}},"loc":{"start":{"line":47,"column":56},"end":{"line":66,"column":3}},"line":47},"4":{"name":"(anonymous_4)","decl":{"start":{"line":68,"column":21},"end":{"line":68,"column":22}},"loc":{"start":{"line":68,"column":39},"end":{"line":82,"column":3}},"line":68},"5":{"name":"(anonymous_5)","decl":{"start":{"line":84,"column":12},"end":{"line":84,"column":13}},"loc":{"start":{"line":84,"column":18},"end":{"line":86,"column":3}},"line":84},"6":{"name":"(anonymous_6)","decl":{"start":{"line":97,"column":24},"end":{"line":97,"column":25}},"loc":{"start":{"line":97,"column":30},"end":{"line":97,"column":53}},"line":97},"7":{"name":"oo_cm","decl":{"start":{"line":104,"column":77},"end":{"line":104,"column":82}},"loc":{"start":{"line":104,"column":84},"end":{"line":104,"column":37421}},"line":104}},"branchMap":{"0":{"loc":{"start":{"line":14,"column":6},"end":{"line":16,"column":7}},"type":"if","locations":[{"start":{"line":14,"column":6},"end":{"line":16,"column":7}},{"start":{},"end":{}}],"line":14},"1":{"loc":{"start":{"line":35,"column":6},"end":{"line":37,"column":7}},"type":"if","locations":[{"start":{"line":35,"column":6},"end":{"line":37,"column":7}},{"start":{},"end":{}}],"line":35},"2":{"loc":{"start":{"line":56,"column":6},"end":{"line":58,"column":7}},"type":"if","locations":[{"start":{"line":56,"column":6},"end":{"line":58,"column":7}},{"start":{},"end":{}}],"line":56},"3":{"loc":{"start":{"line":73,"column":6},"end":{"line":75,"column":7}},"type":"if","locations":[{"start":{"line":73,"column":6},"end":{"line":75,"column":7}},{"start":{},"end":{}}],"line":73},"4":{"loc":{"start":{"line":104,"column":96},"end":{"line":104,"column":37408}},"type":"binary-expr","locations":[{"start":{"line":104,"column":96},"end":{"line":104,"column":133}},{"start":{"line":104,"column":137},"end":{"line":104,"column":37408}}],"line":104}},"s":{"0":1,"1":1,"2":0,"3":0,"4":0,"5":0,"6":0,"7":0,"8":0,"9":0,"10":0,"11":0,"12":0,"13":0,"14":0,"15":0,"16":0,"17":0,"18":0,"19":0,"20":0,"21":0,"22":0,"23":0,"24":0,"25":0,"26":0,"27":0,"28":0,"29":0,"30":0,"31":0,"32":0,"33":0,"34":0,"35":0,"36":0,"37":0,"38":0,"39":0,"40":0,"41":0,"42":0,"43":0,"44":0,"45":0,"46":1,"47":5,"48":0,"49":0,"50":1,"51":1,"52":1,"53":1},"f":{"0":0,"1":0,"2":0,"3":0,"4":0,"5":0,"6":5,"7":0},"b":{"0":[0,0],"1":[0,0],"2":[0,0],"3":[0,0],"4":[0,0]},"_coverageSchema":"1a1c01bbd47fc00a2c39e90264f33305004495a9","hash":"df810f40976848223ec74cddd54c73e58ab8853a"}
}
